<!DOCTYPE html PUBLIC "-//W3C//DTD XHTML 1.1//EN" "https://www.w3.org/TR/xhtml11/DTD/xhtml11.dtd">
<html xmlns="https://www.w3.org/1999/xhtml">
<head>
<meta http-equiv="content-type" content="text/html; charset=UTF-8"/>
<title>TestNG Report</title>
<style type="text/css">table {margin-bottom:10px;border-collapse:collapse;empty-cells:show}th,td {border:1px solid #009;padding:.25em .5em}th {vertical-align:bottom}td {vertical-align:top}table a {font-weight:bold}.stripe td {background-color: #E6EBF9}.num {text-align:right}.passedodd td {background-color: #3F3}.passedeven td {background-color: #0A0}.skippedodd td {background-color: #DDD}.skippedeven td {background-color: #CCC}.failedodd td,.attn {background-color: #F33}.failedeven td,.stripe .attn {background-color: #D00}.stacktrace {white-space:pre;font-family:monospace}.totop {font-size:85%;text-align:center;border-bottom:2px solid #000}.invisible {display:none}</style>
</head>
<body>
<table>
<tr><th>Test</th><th># Passed</th><th># Skipped</th><th># Retried</th><th># Failed</th><th>Time (ms)</th><th>Included Groups</th><th>Excluded Groups</th></tr>
<tr><th colspan="8">Suite</th></tr>
<tr><td><a href="#t0">TestIng_invalidLogin_Functionality</a></td><td class="num">3</td><td class="num">0</td><td class="num">0</td><td class="num">0</td><td class="num">21,575</td><td></td><td></td></tr>
<tr class="stripe"><td><a href="#t1">TestIng_validLogin_Functionality</a></td><td class="num">1</td><td class="num attn">1</td><td class="num">0</td><td class="num attn">1</td><td class="num">16,680</td><td></td><td></td></tr>
<tr><td><a href="#t2">Add_Customer_testing</a></td><td class="num">3</td><td class="num">0</td><td class="num">0</td><td class="num">0</td><td class="num">24,026</td><td></td><td></td></tr>
<tr class="stripe"><td><a href="#t3">Editwith_invalid_Customer_ID</a></td><td class="num">3</td><td class="num">0</td><td class="num">0</td><td class="num">0</td><td class="num">32,983</td><td></td><td></td></tr>
<tr><td><a href="#t4">Editwith_valid_Customer_ID</a></td><td class="num">2</td><td class="num">0</td><td class="num">0</td><td class="num attn">1</td><td class="num">33,336</td><td></td><td></td></tr>
<tr><th>Total</th><th class="num">12</th><th class="num attn">1</th><th class="num">0</th><th class="num attn">2</th><th class="num">128,600</th><th colspan="2"></th></tr>
</table>
<table id='summary'><thead><tr><th>Class</th><th>Method</th><th>Start</th><th>Time (ms)</th></tr></thead><tbody><tr><th colspan="4">Suite</th></tr></tbody><tbody id="t0"><tr><th colspan="4">TestIng_invalidLogin_Functionality &#8212; passed</th></tr><tr class="passedeven"><td rowspan="3">Guru_99.Runner.com.Guru99_Login_Test</td><td><a href="#m0">BankLogin</a></td><td rowspan="1">1676879625253</td><td rowspan="1">3958</td></tr><tr class="passedeven"><td><a href="#m1">Select_Browser_Name</a></td><td rowspan="1">1676879607823</td><td rowspan="1">17406</td></tr><tr class="passedeven"><td><a href="#m2">Verify_UserLogin</a></td><td rowspan="1">1676879629224</td><td rowspan="1">13</td></tr></tbody>
<tbody id="t1"><tr><th colspan="4">TestIng_validLogin_Functionality &#8212; failed</th></tr><tr class="failedeven"><td rowspan="1">Guru_99.Runner.com.Guru99_Login_Test</td><td><a href="#m3">BankLogin</a></td><td rowspan="1">1676879642603</td><td rowspan="1">3413</td></tr><tr><th colspan="4">TestIng_validLogin_Functionality &#8212; skipped</th></tr><tr class="skippedeven"><td rowspan="1">Guru_99.Runner.com.Guru99_Login_Test</td><td><a href="#m4">Verify_UserLogin</a></td><td rowspan="1">1676879646109</td><td rowspan="1">0</td></tr><tr><th colspan="4">TestIng_validLogin_Functionality &#8212; passed</th></tr><tr class="passedeven"><td rowspan="1">Guru_99.Runner.com.Guru99_Login_Test</td><td><a href="#m5">Select_Browser_Name</a></td><td rowspan="1">1676879629445</td><td rowspan="1">13147</td></tr></tbody>
<tbody id="t2"><tr><th colspan="4">Add_Customer_testing &#8212; passed</th></tr><tr class="passedeven"><td rowspan="3">Guru_99.Runner.com.Guru99_addCustomer</td><td><a href="#m6">Select_Browser_Name</a></td><td rowspan="1">1676879646386</td><td rowspan="1">15012</td></tr><tr class="passedeven"><td><a href="#m7">ValidCredentials</a></td><td rowspan="1">1676879661418</td><td rowspan="1">2109</td></tr><tr class="passedeven"><td><a href="#m8">addCustomer_test</a></td><td rowspan="1">1676879663535</td><td rowspan="1">6872</td></tr></tbody>
<tbody id="t3"><tr><th colspan="4">Editwith_invalid_Customer_ID &#8212; passed</th></tr><tr class="passedeven"><td rowspan="3">Guru_99.Runner.com.Guru99Edit_Customer_Details</td><td><a href="#m9">CustomerID_Edit</a></td><td rowspan="1">1676879694621</td><td rowspan="1">8831</td></tr><tr class="passedeven"><td><a href="#m10">Login</a></td><td rowspan="1">1676879688751</td><td rowspan="1">5846</td></tr><tr class="passedeven"><td><a href="#m11">Open</a></td><td rowspan="1">1676879670488</td><td rowspan="1">18178</td></tr></tbody>
<tbody id="t4"><tr><th colspan="4">Editwith_valid_Customer_ID &#8212; failed</th></tr><tr class="failedeven"><td rowspan="1">Guru_99.Runner.com.Guru99Edit_Customer_Details</td><td><a href="#m12">CustomerID_Edit</a></td><td rowspan="1">1676879736092</td><td rowspan="1">699</td></tr><tr><th colspan="4">Editwith_valid_Customer_ID &#8212; passed</th></tr><tr class="passedeven"><td rowspan="2">Guru_99.Runner.com.Guru99Edit_Customer_Details</td><td><a href="#m13">Login</a></td><td rowspan="1">1676879732130</td><td rowspan="1">3950</td></tr><tr class="passedeven"><td><a href="#m14">Open</a></td><td rowspan="1">1676879703526</td><td rowspan="1">28490</td></tr></tbody>
</table>
<h2>TestIng_invalidLogin_Functionality</h2><h3 id="m0">Guru_99.Runner.com.Guru99_Login_Test#BankLogin</h3><table class="result"><tr class="param"><th>Parameter #1</th><th>Parameter #2</th></tr><tr class="param stripe"><td>student</td><td>Password123</td></tr></table><p class="totop"><a href="#summary">back to summary</a></p>
<h3 id="m1">Guru_99.Runner.com.Guru99_Login_Test#Select_Browser_Name</h3><table class="result"><tr class="param"><th>Parameter #1</th></tr><tr class="param stripe"><td>Firefox</td></tr></table><p class="totop"><a href="#summary">back to summary</a></p>
<h3 id="m2">Guru_99.Runner.com.Guru99_Login_Test#Verify_UserLogin</h3><table class="result"><tr class="param"><th>Parameter #1</th><th>Parameter #2</th></tr><tr class="param stripe"><td>https://demo.guru99.com/V4/</td><td>https://demo.guru99.com/V4/manager/Managerhomepage.php</td></tr></table><p class="totop"><a href="#summary">back to summary</a></p>
<h2>TestIng_validLogin_Functionality</h2><h3 id="m3">Guru_99.Runner.com.Guru99_Login_Test#BankLogin</h3><table class="result"><tr class="param"><th>Parameter #1</th><th>Parameter #2</th></tr><tr class="param stripe"><td>mngr476338</td><td>nyhymUd</td></tr><tr><th colspan="2">Exception</th></tr><tr><td colspan="2"><div class="stacktrace">org.openqa.selenium.NoAlertPresentException: Build info: version: &apos;4.1.2&apos;, revision: &apos;9a5a329c5a&apos;
System info: host: &apos;DESKTOP-P39CJOI&apos;, ip: &apos;10.5.48.123&apos;, os.name: &apos;Windows 10&apos;, os.arch: &apos;amd64&apos;, os.version: &apos;10.0&apos;, java.version: &apos;17.0.2&apos;
Driver info: org.openqa.selenium.firefox.FirefoxDriver
Command: [f6d7ed91-2981-4778-a7ec-3d24a1fb743d, getAlertText {}]
Capabilities {acceptInsecureCerts: true, browserName: firefox, browserVersion: 107.0.1, javascriptEnabled: true, moz:accessibilityChecks: false, moz:buildID: 20221128144904, moz:debuggerAddress: 127.0.0.1:54417, moz:geckodriverVersion: 0.30.0, moz:headless: false, moz:platformVersion: 10.0, moz:processID: 5224, moz:profile: C:\Users\hp\AppData\Local\T..., moz:shutdownTimeout: 60000, moz:useNonSpecCompliantPointerOrigin: false, moz:webdriverClick: true, moz:windowless: false, pageLoadStrategy: normal, platform: WINDOWS, platformName: WINDOWS, proxy: Proxy(), se:cdp: ws://127.0.0.1:54417/devtoo..., se:cdpVersion: 85.0, setWindowRect: true, strictFileInteractability: false, timeouts: {implicit: 0, pageLoad: 300000, script: 30000}, unhandledPromptBehavior: dismiss and notify}
Session ID: f6d7ed91-2981-4778-a7ec-3d24a1fb743d
	at org.openqa.selenium.remote.codec.w3c.W3CHttpResponseCodec.createException(W3CHttpResponseCodec.java:200)
	at org.openqa.selenium.remote.codec.w3c.W3CHttpResponseCodec.decode(W3CHttpResponseCodec.java:133)
	at org.openqa.selenium.remote.codec.w3c.W3CHttpResponseCodec.decode(W3CHttpResponseCodec.java:53)
	at org.openqa.selenium.remote.HttpCommandExecutor.execute(HttpCommandExecutor.java:184)
	at org.openqa.selenium.remote.service.DriverCommandExecutor.invokeExecute(DriverCommandExecutor.java:167)
	at org.openqa.selenium.remote.service.DriverCommandExecutor.execute(DriverCommandExecutor.java:142)
	at org.openqa.selenium.remote.RemoteWebDriver.execute(RemoteWebDriver.java:558)
	at org.openqa.selenium.remote.RemoteWebDriver.execute(RemoteWebDriver.java:613)
	at org.openqa.selenium.remote.RemoteWebDriver.execute(RemoteWebDriver.java:617)
	at org.openqa.selenium.remote.RemoteWebDriver$RemoteTargetLocator.alert(RemoteWebDriver.java:1110)
	at Guru_99.Runner.com.Guru99_Login_Test.BankLogin(Guru99_Login_Test.java:47)
	at java.base/java.util.ArrayList.forEach(ArrayList.java:1511)
... Removed 32 stack frames</div></td></tr></table><p class="totop"><a href="#summary">back to summary</a></p>
<h3 id="m4">Guru_99.Runner.com.Guru99_Login_Test#Verify_UserLogin</h3><table class="result"><tr><th>Exception</th></tr><tr><td><div class="stacktrace">java.lang.Throwable: Method Guru99_Login_Test.Verify_UserLogin(java.lang.String,java.lang.String)[pri:0, instance:Guru_99.Runner.com.Guru99_Login_Test@579d011c] depends on not successfully finished methods
	at java.base/java.util.ArrayList.forEach(ArrayList.java:1511)
... Removed 18 stack frames</div></td></tr></table><p class="totop"><a href="#summary">back to summary</a></p>
<h3 id="m5">Guru_99.Runner.com.Guru99_Login_Test#Select_Browser_Name</h3><table class="result"><tr class="param"><th>Parameter #1</th></tr><tr class="param stripe"><td>Firefox</td></tr></table><p class="totop"><a href="#summary">back to summary</a></p>
<h2>Add_Customer_testing</h2><h3 id="m6">Guru_99.Runner.com.Guru99_addCustomer#Select_Browser_Name</h3><table class="result"><tr><th class="invisible"/></tr></table><p class="totop"><a href="#summary">back to summary</a></p>
<h3 id="m7">Guru_99.Runner.com.Guru99_addCustomer#ValidCredentials</h3><table class="result"><tr class="param"><th>Parameter #1</th><th>Parameter #2</th></tr><tr class="param stripe"><td>https://demo.guru99.com/V4/</td><td>https://demo.guru99.com/V4/manager/Managerhomepage.php</td></tr></table><p class="totop"><a href="#summary">back to summary</a></p>
<h3 id="m8">Guru_99.Runner.com.Guru99_addCustomer#addCustomer_test</h3><table class="result"><tr><th class="invisible"/></tr></table><p class="totop"><a href="#summary">back to summary</a></p>
<h2>Editwith_invalid_Customer_ID</h2><h3 id="m9">Guru_99.Runner.com.Guru99Edit_Customer_Details#CustomerID_Edit</h3><table class="result"><tr class="param"><th>Parameter #1</th></tr><tr class="param stripe"><td>7874</td></tr></table><p class="totop"><a href="#summary">back to summary</a></p>
<h3 id="m10">Guru_99.Runner.com.Guru99Edit_Customer_Details#Login</h3><table class="result"><tr><th class="invisible"/></tr></table><p class="totop"><a href="#summary">back to summary</a></p>
<h3 id="m11">Guru_99.Runner.com.Guru99Edit_Customer_Details#Open</h3><table class="result"><tr><th class="invisible"/></tr></table><p class="totop"><a href="#summary">back to summary</a></p>
<h2>Editwith_valid_Customer_ID</h2><h3 id="m12">Guru_99.Runner.com.Guru99Edit_Customer_Details#CustomerID_Edit</h3><table class="result"><tr class="param"><th>Parameter #1</th></tr><tr class="param stripe"><td>32394</td></tr><tr><th>Exception</th></tr><tr><td><div class="stacktrace">org.openqa.selenium.NoSuchElementException: Unable to locate element: //input[@name=&apos;cusid&apos;]
For documentation on this error, please visit: https://selenium.dev/exceptions/#no_such_element
Build info: version: &apos;4.1.2&apos;, revision: &apos;9a5a329c5a&apos;
System info: host: &apos;DESKTOP-P39CJOI&apos;, ip: &apos;10.5.48.123&apos;, os.name: &apos;Windows 10&apos;, os.arch: &apos;amd64&apos;, os.version: &apos;10.0&apos;, java.version: &apos;17.0.2&apos;
Driver info: org.openqa.selenium.firefox.FirefoxDriver
Command: [aeec21db-373b-4b48-8b3e-cb3353399262, findElement {using=xpath, value=//input[@name=&apos;cusid&apos;]}]
Capabilities {acceptInsecureCerts: true, browserName: firefox, browserVersion: 107.0.1, javascriptEnabled: true, moz:accessibilityChecks: false, moz:buildID: 20221128144904, moz:debuggerAddress: 127.0.0.1:51121, moz:geckodriverVersion: 0.30.0, moz:headless: false, moz:platformVersion: 10.0, moz:processID: 12356, moz:profile: C:\Users\hp\AppData\Local\T..., moz:shutdownTimeout: 60000, moz:useNonSpecCompliantPointerOrigin: false, moz:webdriverClick: true, moz:windowless: false, pageLoadStrategy: normal, platform: WINDOWS, platformName: WINDOWS, proxy: Proxy(), se:cdp: ws://127.0.0.1:51121/devtoo..., se:cdpVersion: 85.0, setWindowRect: true, strictFileInteractability: false, timeouts: {implicit: 0, pageLoad: 300000, script: 30000}, unhandledPromptBehavior: dismiss and notify}
Session ID: aeec21db-373b-4b48-8b3e-cb3353399262
	at org.openqa.selenium.remote.codec.w3c.W3CHttpResponseCodec.createException(W3CHttpResponseCodec.java:200)
	at org.openqa.selenium.remote.codec.w3c.W3CHttpResponseCodec.decode(W3CHttpResponseCodec.java:133)
	at org.openqa.selenium.remote.codec.w3c.W3CHttpResponseCodec.decode(W3CHttpResponseCodec.java:53)
	at org.openqa.selenium.remote.HttpCommandExecutor.execute(HttpCommandExecutor.java:184)
	at org.openqa.selenium.remote.service.DriverCommandExecutor.invokeExecute(DriverCommandExecutor.java:167)
	at org.openqa.selenium.remote.service.DriverCommandExecutor.execute(DriverCommandExecutor.java:142)
	at org.openqa.selenium.remote.RemoteWebDriver.execute(RemoteWebDriver.java:558)
	at org.openqa.selenium.remote.ElementLocation$ElementFinder$2.findElement(ElementLocation.java:162)
	at org.openqa.selenium.remote.ElementLocation.findElement(ElementLocation.java:60)
	at org.openqa.selenium.remote.RemoteWebDriver.findElement(RemoteWebDriver.java:382)
	at org.openqa.selenium.remote.RemoteWebDriver.findElement(RemoteWebDriver.java:374)
	at Page_Object_Model.guru99Edit_Customer.editCustomerField(guru99Edit_Customer.java:19)
	at Guru_99.Runner.com.Guru99Edit_Customer_Details.CustomerID_Edit(Guru99Edit_Customer_Details.java:39)
	at java.base/java.util.ArrayList.forEach(ArrayList.java:1511)
... Removed 32 stack frames</div></td></tr></table><p class="totop"><a href="#summary">back to summary</a></p>
<h3 id="m13">Guru_99.Runner.com.Guru99Edit_Customer_Details#Login</h3><table class="result"><tr><th class="invisible"/></tr></table><p class="totop"><a href="#summary">back to summary</a></p>
<h3 id="m14">Guru_99.Runner.com.Guru99Edit_Customer_Details#Open</h3><table class="result"><tr><th class="invisible"/></tr></table><p class="totop"><a href="#summary">back to summary</a></p>
</body>
</html>
