<?xml version="1.0" encoding="UTF-8"?>
<testng-results ignored="0" total="15" passed="12" failed="2" skipped="1">
  <reporter-output>
  </reporter-output>
  <suite started-at="2023-02-20T13:23:27 IST" name="Suite" finished-at="2023-02-20T13:25:36 IST" duration-ms="129191">
    <groups>
    </groups>
    <test started-at="2023-02-20T13:23:27 IST" name="TestIng_invalidLogin_Functionality" finished-at="2023-02-20T13:23:49 IST" duration-ms="21575">
      <class name="Guru_99.Runner.com.Guru99_Login_Test">
        <test-method signature="Select_Browser_Name(java.lang.String)[pri:0, instance:Guru_99.Runner.com.Guru99_Login_Test@6d8792db]" started-at="2023-02-20T13:23:27 IST" name="Select_Browser_Name" finished-at="2023-02-20T13:23:45 IST" duration-ms="17406" status="PASS">
          <params>
            <param index="0">
              <value>
                <![CDATA[Firefox]]>
              </value>
            </param>
          </params>
          <reporter-output>
          </reporter-output>
        </test-method> <!-- Select_Browser_Name -->
        <test-method signature="BankLogin(java.lang.String,java.lang.String)[pri:0, instance:Guru_99.Runner.com.Guru99_Login_Test@6d8792db]" started-at="2023-02-20T13:23:45 IST" name="BankLogin" finished-at="2023-02-20T13:23:49 IST" depends-on-methods="Guru_99.Runner.com.Guru99_Login_Test.Select_Browser_Name" duration-ms="3958" status="PASS">
          <params>
            <param index="0">
              <value>
                <![CDATA[student]]>
              </value>
            </param>
            <param index="1">
              <value>
                <![CDATA[Password123]]>
              </value>
            </param>
          </params>
          <reporter-output>
          </reporter-output>
        </test-method> <!-- BankLogin -->
        <test-method signature="Verify_UserLogin(java.lang.String,java.lang.String)[pri:0, instance:Guru_99.Runner.com.Guru99_Login_Test@6d8792db]" started-at="2023-02-20T13:23:49 IST" name="Verify_UserLogin" finished-at="2023-02-20T13:23:49 IST" depends-on-methods="Guru_99.Runner.com.Guru99_Login_Test.BankLogin" duration-ms="13" status="PASS">
          <params>
            <param index="0">
              <value>
                <![CDATA[https://demo.guru99.com/V4/]]>
              </value>
            </param>
            <param index="1">
              <value>
                <![CDATA[https://demo.guru99.com/V4/manager/Managerhomepage.php]]>
              </value>
            </param>
          </params>
          <reporter-output>
          </reporter-output>
        </test-method> <!-- Verify_UserLogin -->
      </class> <!-- Guru_99.Runner.com.Guru99_Login_Test -->
    </test> <!-- TestIng_invalidLogin_Functionality -->
    <test started-at="2023-02-20T13:23:49 IST" name="TestIng_validLogin_Functionality" finished-at="2023-02-20T13:24:06 IST" duration-ms="16680">
      <class name="Guru_99.Runner.com.Guru99_Login_Test">
        <test-method signature="Select_Browser_Name(java.lang.String)[pri:0, instance:Guru_99.Runner.com.Guru99_Login_Test@579d011c]" started-at="2023-02-20T13:23:49 IST" name="Select_Browser_Name" finished-at="2023-02-20T13:24:02 IST" duration-ms="13147" status="PASS">
          <params>
            <param index="0">
              <value>
                <![CDATA[Firefox]]>
              </value>
            </param>
          </params>
          <reporter-output>
          </reporter-output>
        </test-method> <!-- Select_Browser_Name -->
        <test-method signature="BankLogin(java.lang.String,java.lang.String)[pri:0, instance:Guru_99.Runner.com.Guru99_Login_Test@579d011c]" started-at="2023-02-20T13:24:02 IST" name="BankLogin" finished-at="2023-02-20T13:24:06 IST" depends-on-methods="Guru_99.Runner.com.Guru99_Login_Test.Select_Browser_Name" duration-ms="3413" status="FAIL">
          <params>
            <param index="0">
              <value>
                <![CDATA[mngr476338]]>
              </value>
            </param>
            <param index="1">
              <value>
                <![CDATA[nyhymUd]]>
              </value>
            </param>
          </params>
          <exception class="org.openqa.selenium.NoAlertPresentException">
            <message>
              <![CDATA[Build info: version: '4.1.2', revision: '9a5a329c5a'
System info: host: 'DESKTOP-P39CJOI', ip: '10.5.48.123', os.name: 'Windows 10', os.arch: 'amd64', os.version: '10.0', java.version: '17.0.2'
Driver info: org.openqa.selenium.firefox.FirefoxDriver
Command: [f6d7ed91-2981-4778-a7ec-3d24a1fb743d, getAlertText {}]
Capabilities {acceptInsecureCerts: true, browserName: firefox, browserVersion: 107.0.1, javascriptEnabled: true, moz:accessibilityChecks: false, moz:buildID: 20221128144904, moz:debuggerAddress: 127.0.0.1:54417, moz:geckodriverVersion: 0.30.0, moz:headless: false, moz:platformVersion: 10.0, moz:processID: 5224, moz:profile: C:\Users\hp\AppData\Local\T..., moz:shutdownTimeout: 60000, moz:useNonSpecCompliantPointerOrigin: false, moz:webdriverClick: true, moz:windowless: false, pageLoadStrategy: normal, platform: WINDOWS, platformName: WINDOWS, proxy: Proxy(), se:cdp: ws://127.0.0.1:54417/devtoo..., se:cdpVersion: 85.0, setWindowRect: true, strictFileInteractability: false, timeouts: {implicit: 0, pageLoad: 300000, script: 30000}, unhandledPromptBehavior: dismiss and notify}
Session ID: f6d7ed91-2981-4778-a7ec-3d24a1fb743d]]>
            </message>
            <full-stacktrace>
              <![CDATA[org.openqa.selenium.NoAlertPresentException: Build info: version: '4.1.2', revision: '9a5a329c5a'
System info: host: 'DESKTOP-P39CJOI', ip: '10.5.48.123', os.name: 'Windows 10', os.arch: 'amd64', os.version: '10.0', java.version: '17.0.2'
Driver info: org.openqa.selenium.firefox.FirefoxDriver
Command: [f6d7ed91-2981-4778-a7ec-3d24a1fb743d, getAlertText {}]
Capabilities {acceptInsecureCerts: true, browserName: firefox, browserVersion: 107.0.1, javascriptEnabled: true, moz:accessibilityChecks: false, moz:buildID: 20221128144904, moz:debuggerAddress: 127.0.0.1:54417, moz:geckodriverVersion: 0.30.0, moz:headless: false, moz:platformVersion: 10.0, moz:processID: 5224, moz:profile: C:\Users\hp\AppData\Local\T..., moz:shutdownTimeout: 60000, moz:useNonSpecCompliantPointerOrigin: false, moz:webdriverClick: true, moz:windowless: false, pageLoadStrategy: normal, platform: WINDOWS, platformName: WINDOWS, proxy: Proxy(), se:cdp: ws://127.0.0.1:54417/devtoo..., se:cdpVersion: 85.0, setWindowRect: true, strictFileInteractability: false, timeouts: {implicit: 0, pageLoad: 300000, script: 30000}, unhandledPromptBehavior: dismiss and notify}
Session ID: f6d7ed91-2981-4778-a7ec-3d24a1fb743d
at java.base/jdk.internal.reflect.NativeConstructorAccessorImpl.newInstance0(Native Method)
at java.base/jdk.internal.reflect.NativeConstructorAccessorImpl.newInstance(NativeConstructorAccessorImpl.java:77)
at java.base/jdk.internal.reflect.DelegatingConstructorAccessorImpl.newInstance(DelegatingConstructorAccessorImpl.java:45)
at java.base/java.lang.reflect.Constructor.newInstanceWithCaller(Constructor.java:499)
at java.base/java.lang.reflect.Constructor.newInstance(Constructor.java:480)
at org.openqa.selenium.remote.codec.w3c.W3CHttpResponseCodec.createException(W3CHttpResponseCodec.java:200)
at org.openqa.selenium.remote.codec.w3c.W3CHttpResponseCodec.decode(W3CHttpResponseCodec.java:133)
at org.openqa.selenium.remote.codec.w3c.W3CHttpResponseCodec.decode(W3CHttpResponseCodec.java:53)
at org.openqa.selenium.remote.HttpCommandExecutor.execute(HttpCommandExecutor.java:184)
at org.openqa.selenium.remote.service.DriverCommandExecutor.invokeExecute(DriverCommandExecutor.java:167)
at org.openqa.selenium.remote.service.DriverCommandExecutor.execute(DriverCommandExecutor.java:142)
at org.openqa.selenium.remote.RemoteWebDriver.execute(RemoteWebDriver.java:558)
at org.openqa.selenium.remote.RemoteWebDriver.execute(RemoteWebDriver.java:613)
at org.openqa.selenium.remote.RemoteWebDriver.execute(RemoteWebDriver.java:617)
at org.openqa.selenium.remote.RemoteWebDriver$RemoteTargetLocator.alert(RemoteWebDriver.java:1110)
at Guru_99.Runner.com.Guru99_Login_Test.BankLogin(Guru99_Login_Test.java:47)
at java.base/jdk.internal.reflect.NativeMethodAccessorImpl.invoke0(Native Method)
at java.base/jdk.internal.reflect.NativeMethodAccessorImpl.invoke(NativeMethodAccessorImpl.java:77)
at java.base/jdk.internal.reflect.DelegatingMethodAccessorImpl.invoke(DelegatingMethodAccessorImpl.java:43)
at java.base/java.lang.reflect.Method.invoke(Method.java:568)
at org.testng.internal.MethodInvocationHelper.invokeMethod(MethodInvocationHelper.java:133)
at org.testng.internal.TestInvoker.invokeMethod(TestInvoker.java:598)
at org.testng.internal.TestInvoker.invokeTestMethod(TestInvoker.java:173)
at org.testng.internal.MethodRunner.runInSequence(MethodRunner.java:46)
at org.testng.internal.TestInvoker$MethodInvocationAgent.invoke(TestInvoker.java:824)
at org.testng.internal.TestInvoker.invokeTestMethods(TestInvoker.java:146)
at org.testng.internal.TestMethodWorker.invokeTestMethods(TestMethodWorker.java:146)
at org.testng.internal.TestMethodWorker.run(TestMethodWorker.java:128)
at java.base/java.util.ArrayList.forEach(ArrayList.java:1511)
at org.testng.TestRunner.privateRun(TestRunner.java:794)
at org.testng.TestRunner.run(TestRunner.java:596)
at org.testng.SuiteRunner.runTest(SuiteRunner.java:377)
at org.testng.SuiteRunner.runSequentially(SuiteRunner.java:371)
at org.testng.SuiteRunner.privateRun(SuiteRunner.java:332)
at org.testng.SuiteRunner.run(SuiteRunner.java:276)
at org.testng.SuiteRunnerWorker.runSuite(SuiteRunnerWorker.java:53)
at org.testng.SuiteRunnerWorker.run(SuiteRunnerWorker.java:96)
at org.testng.TestNG.runSuitesSequentially(TestNG.java:1212)
at org.testng.TestNG.runSuitesLocally(TestNG.java:1134)
at org.testng.TestNG.runSuites(TestNG.java:1063)
at org.testng.TestNG.run(TestNG.java:1031)
at org.testng.remote.AbstractRemoteTestNG.run(AbstractRemoteTestNG.java:115)
at org.testng.remote.RemoteTestNG.initAndRun(RemoteTestNG.java:251)
at org.testng.remote.RemoteTestNG.main(RemoteTestNG.java:77)
]]>
            </full-stacktrace>
          </exception> <!-- org.openqa.selenium.NoAlertPresentException -->
          <reporter-output>
          </reporter-output>
        </test-method> <!-- BankLogin -->
        <test-method signature="Verify_UserLogin(java.lang.String,java.lang.String)[pri:0, instance:Guru_99.Runner.com.Guru99_Login_Test@579d011c]" started-at="2023-02-20T13:24:06 IST" name="Verify_UserLogin" finished-at="2023-02-20T13:24:06 IST" depends-on-methods="Guru_99.Runner.com.Guru99_Login_Test.BankLogin" duration-ms="0" status="SKIP">
          <exception class="java.lang.Throwable">
            <message>
              <![CDATA[Method Guru99_Login_Test.Verify_UserLogin(java.lang.String,java.lang.String)[pri:0, instance:Guru_99.Runner.com.Guru99_Login_Test@579d011c] depends on not successfully finished methods]]>
            </message>
            <full-stacktrace>
              <![CDATA[java.lang.Throwable: Method Guru99_Login_Test.Verify_UserLogin(java.lang.String,java.lang.String)[pri:0, instance:Guru_99.Runner.com.Guru99_Login_Test@579d011c] depends on not successfully finished methods
at org.testng.internal.TestInvoker.invokeTestMethods(TestInvoker.java:102)
at org.testng.internal.TestMethodWorker.invokeTestMethods(TestMethodWorker.java:146)
at org.testng.internal.TestMethodWorker.run(TestMethodWorker.java:128)
at java.base/java.util.ArrayList.forEach(ArrayList.java:1511)
at org.testng.TestRunner.privateRun(TestRunner.java:794)
at org.testng.TestRunner.run(TestRunner.java:596)
at org.testng.SuiteRunner.runTest(SuiteRunner.java:377)
at org.testng.SuiteRunner.runSequentially(SuiteRunner.java:371)
at org.testng.SuiteRunner.privateRun(SuiteRunner.java:332)
at org.testng.SuiteRunner.run(SuiteRunner.java:276)
at org.testng.SuiteRunnerWorker.runSuite(SuiteRunnerWorker.java:53)
at org.testng.SuiteRunnerWorker.run(SuiteRunnerWorker.java:96)
at org.testng.TestNG.runSuitesSequentially(TestNG.java:1212)
at org.testng.TestNG.runSuitesLocally(TestNG.java:1134)
at org.testng.TestNG.runSuites(TestNG.java:1063)
at org.testng.TestNG.run(TestNG.java:1031)
at org.testng.remote.AbstractRemoteTestNG.run(AbstractRemoteTestNG.java:115)
at org.testng.remote.RemoteTestNG.initAndRun(RemoteTestNG.java:251)
at org.testng.remote.RemoteTestNG.main(RemoteTestNG.java:77)
]]>
            </full-stacktrace>
          </exception> <!-- java.lang.Throwable -->
          <reporter-output>
          </reporter-output>
        </test-method> <!-- Verify_UserLogin -->
      </class> <!-- Guru_99.Runner.com.Guru99_Login_Test -->
    </test> <!-- TestIng_validLogin_Functionality -->
    <test started-at="2023-02-20T13:24:06 IST" name="Add_Customer_testing" finished-at="2023-02-20T13:24:30 IST" duration-ms="24026">
      <class name="Guru_99.Runner.com.Guru99_addCustomer">
        <test-method signature="Select_Browser_Name()[pri:0, instance:Guru_99.Runner.com.Guru99_addCustomer@1b9ea3e3]" started-at="2023-02-20T13:24:06 IST" name="Select_Browser_Name" finished-at="2023-02-20T13:24:21 IST" duration-ms="15012" status="PASS">
          <reporter-output>
          </reporter-output>
        </test-method> <!-- Select_Browser_Name -->
        <test-method signature="ValidCredentials(java.lang.String,java.lang.String)[pri:0, instance:Guru_99.Runner.com.Guru99_addCustomer@1b9ea3e3]" started-at="2023-02-20T13:24:21 IST" name="ValidCredentials" finished-at="2023-02-20T13:24:23 IST" depends-on-methods="Guru_99.Runner.com.Guru99_addCustomer.Select_Browser_Name" duration-ms="2109" status="PASS">
          <params>
            <param index="0">
              <value>
                <![CDATA[https://demo.guru99.com/V4/]]>
              </value>
            </param>
            <param index="1">
              <value>
                <![CDATA[https://demo.guru99.com/V4/manager/Managerhomepage.php]]>
              </value>
            </param>
          </params>
          <reporter-output>
          </reporter-output>
        </test-method> <!-- ValidCredentials -->
        <test-method signature="addCustomer_test()[pri:0, instance:Guru_99.Runner.com.Guru99_addCustomer@1b9ea3e3]" started-at="2023-02-20T13:24:23 IST" name="addCustomer_test" finished-at="2023-02-20T13:24:30 IST" depends-on-methods="Guru_99.Runner.com.Guru99_addCustomer.ValidCredentials" duration-ms="6872" status="PASS">
          <reporter-output>
          </reporter-output>
        </test-method> <!-- addCustomer_test -->
      </class> <!-- Guru_99.Runner.com.Guru99_addCustomer -->
    </test> <!-- Add_Customer_testing -->
    <test started-at="2023-02-20T13:24:30 IST" name="Editwith_invalid_Customer_ID" finished-at="2023-02-20T13:25:03 IST" duration-ms="32983">
      <class name="Guru_99.Runner.com.Guru99Edit_Customer_Details">
        <test-method signature="Open()[pri:0, instance:Guru_99.Runner.com.Guru99Edit_Customer_Details@3aee3976]" started-at="2023-02-20T13:24:30 IST" name="Open" finished-at="2023-02-20T13:24:48 IST" duration-ms="18178" status="PASS">
          <reporter-output>
          </reporter-output>
        </test-method> <!-- Open -->
        <test-method signature="Login()[pri:0, instance:Guru_99.Runner.com.Guru99Edit_Customer_Details@3aee3976]" started-at="2023-02-20T13:24:48 IST" name="Login" finished-at="2023-02-20T13:24:54 IST" depends-on-methods="Guru_99.Runner.com.Guru99Edit_Customer_Details.Open" duration-ms="5846" status="PASS">
          <reporter-output>
          </reporter-output>
        </test-method> <!-- Login -->
        <test-method signature="CustomerID_Edit(java.lang.String)[pri:0, instance:Guru_99.Runner.com.Guru99Edit_Customer_Details@3aee3976]" started-at="2023-02-20T13:24:54 IST" name="CustomerID_Edit" finished-at="2023-02-20T13:25:03 IST" depends-on-methods="Guru_99.Runner.com.Guru99Edit_Customer_Details.Login" duration-ms="8831" status="PASS">
          <params>
            <param index="0">
              <value>
                <![CDATA[7874]]>
              </value>
            </param>
          </params>
          <reporter-output>
          </reporter-output>
        </test-method> <!-- CustomerID_Edit -->
      </class> <!-- Guru_99.Runner.com.Guru99Edit_Customer_Details -->
    </test> <!-- Editwith_invalid_Customer_ID -->
    <test started-at="2023-02-20T13:25:03 IST" name="Editwith_valid_Customer_ID" finished-at="2023-02-20T13:25:36 IST" duration-ms="33336">
      <class name="Guru_99.Runner.com.Guru99Edit_Customer_Details">
        <test-method signature="Open()[pri:0, instance:Guru_99.Runner.com.Guru99Edit_Customer_Details@4108fa66]" started-at="2023-02-20T13:25:03 IST" name="Open" finished-at="2023-02-20T13:25:32 IST" duration-ms="28490" status="PASS">
          <reporter-output>
          </reporter-output>
        </test-method> <!-- Open -->
        <test-method signature="Login()[pri:0, instance:Guru_99.Runner.com.Guru99Edit_Customer_Details@4108fa66]" started-at="2023-02-20T13:25:32 IST" name="Login" finished-at="2023-02-20T13:25:36 IST" depends-on-methods="Guru_99.Runner.com.Guru99Edit_Customer_Details.Open" duration-ms="3950" status="PASS">
          <reporter-output>
          </reporter-output>
        </test-method> <!-- Login -->
        <test-method signature="CustomerID_Edit(java.lang.String)[pri:0, instance:Guru_99.Runner.com.Guru99Edit_Customer_Details@4108fa66]" started-at="2023-02-20T13:25:36 IST" name="CustomerID_Edit" finished-at="2023-02-20T13:25:36 IST" depends-on-methods="Guru_99.Runner.com.Guru99Edit_Customer_Details.Login" duration-ms="699" status="FAIL">
          <params>
            <param index="0">
              <value>
                <![CDATA[32394]]>
              </value>
            </param>
          </params>
          <exception class="org.openqa.selenium.NoSuchElementException">
            <message>
              <![CDATA[Unable to locate element: //input[@name='cusid']
For documentation on this error, please visit: https://selenium.dev/exceptions/#no_such_element
Build info: version: '4.1.2', revision: '9a5a329c5a'
System info: host: 'DESKTOP-P39CJOI', ip: '10.5.48.123', os.name: 'Windows 10', os.arch: 'amd64', os.version: '10.0', java.version: '17.0.2'
Driver info: org.openqa.selenium.firefox.FirefoxDriver
Command: [aeec21db-373b-4b48-8b3e-cb3353399262, findElement {using=xpath, value=//input[@name='cusid']}]
Capabilities {acceptInsecureCerts: true, browserName: firefox, browserVersion: 107.0.1, javascriptEnabled: true, moz:accessibilityChecks: false, moz:buildID: 20221128144904, moz:debuggerAddress: 127.0.0.1:51121, moz:geckodriverVersion: 0.30.0, moz:headless: false, moz:platformVersion: 10.0, moz:processID: 12356, moz:profile: C:\Users\hp\AppData\Local\T..., moz:shutdownTimeout: 60000, moz:useNonSpecCompliantPointerOrigin: false, moz:webdriverClick: true, moz:windowless: false, pageLoadStrategy: normal, platform: WINDOWS, platformName: WINDOWS, proxy: Proxy(), se:cdp: ws://127.0.0.1:51121/devtoo..., se:cdpVersion: 85.0, setWindowRect: true, strictFileInteractability: false, timeouts: {implicit: 0, pageLoad: 300000, script: 30000}, unhandledPromptBehavior: dismiss and notify}
Session ID: aeec21db-373b-4b48-8b3e-cb3353399262]]>
            </message>
            <full-stacktrace>
              <![CDATA[org.openqa.selenium.NoSuchElementException: Unable to locate element: //input[@name='cusid']
For documentation on this error, please visit: https://selenium.dev/exceptions/#no_such_element
Build info: version: '4.1.2', revision: '9a5a329c5a'
System info: host: 'DESKTOP-P39CJOI', ip: '10.5.48.123', os.name: 'Windows 10', os.arch: 'amd64', os.version: '10.0', java.version: '17.0.2'
Driver info: org.openqa.selenium.firefox.FirefoxDriver
Command: [aeec21db-373b-4b48-8b3e-cb3353399262, findElement {using=xpath, value=//input[@name='cusid']}]
Capabilities {acceptInsecureCerts: true, browserName: firefox, browserVersion: 107.0.1, javascriptEnabled: true, moz:accessibilityChecks: false, moz:buildID: 20221128144904, moz:debuggerAddress: 127.0.0.1:51121, moz:geckodriverVersion: 0.30.0, moz:headless: false, moz:platformVersion: 10.0, moz:processID: 12356, moz:profile: C:\Users\hp\AppData\Local\T..., moz:shutdownTimeout: 60000, moz:useNonSpecCompliantPointerOrigin: false, moz:webdriverClick: true, moz:windowless: false, pageLoadStrategy: normal, platform: WINDOWS, platformName: WINDOWS, proxy: Proxy(), se:cdp: ws://127.0.0.1:51121/devtoo..., se:cdpVersion: 85.0, setWindowRect: true, strictFileInteractability: false, timeouts: {implicit: 0, pageLoad: 300000, script: 30000}, unhandledPromptBehavior: dismiss and notify}
Session ID: aeec21db-373b-4b48-8b3e-cb3353399262
at java.base/jdk.internal.reflect.NativeConstructorAccessorImpl.newInstance0(Native Method)
at java.base/jdk.internal.reflect.NativeConstructorAccessorImpl.newInstance(NativeConstructorAccessorImpl.java:77)
at java.base/jdk.internal.reflect.DelegatingConstructorAccessorImpl.newInstance(DelegatingConstructorAccessorImpl.java:45)
at java.base/java.lang.reflect.Constructor.newInstanceWithCaller(Constructor.java:499)
at java.base/java.lang.reflect.Constructor.newInstance(Constructor.java:480)
at org.openqa.selenium.remote.codec.w3c.W3CHttpResponseCodec.createException(W3CHttpResponseCodec.java:200)
at org.openqa.selenium.remote.codec.w3c.W3CHttpResponseCodec.decode(W3CHttpResponseCodec.java:133)
at org.openqa.selenium.remote.codec.w3c.W3CHttpResponseCodec.decode(W3CHttpResponseCodec.java:53)
at org.openqa.selenium.remote.HttpCommandExecutor.execute(HttpCommandExecutor.java:184)
at org.openqa.selenium.remote.service.DriverCommandExecutor.invokeExecute(DriverCommandExecutor.java:167)
at org.openqa.selenium.remote.service.DriverCommandExecutor.execute(DriverCommandExecutor.java:142)
at org.openqa.selenium.remote.RemoteWebDriver.execute(RemoteWebDriver.java:558)
at org.openqa.selenium.remote.ElementLocation$ElementFinder$2.findElement(ElementLocation.java:162)
at org.openqa.selenium.remote.ElementLocation.findElement(ElementLocation.java:60)
at org.openqa.selenium.remote.RemoteWebDriver.findElement(RemoteWebDriver.java:382)
at org.openqa.selenium.remote.RemoteWebDriver.findElement(RemoteWebDriver.java:374)
at Page_Object_Model.guru99Edit_Customer.editCustomerField(guru99Edit_Customer.java:19)
at Guru_99.Runner.com.Guru99Edit_Customer_Details.CustomerID_Edit(Guru99Edit_Customer_Details.java:39)
at java.base/jdk.internal.reflect.NativeMethodAccessorImpl.invoke0(Native Method)
at java.base/jdk.internal.reflect.NativeMethodAccessorImpl.invoke(NativeMethodAccessorImpl.java:77)
at java.base/jdk.internal.reflect.DelegatingMethodAccessorImpl.invoke(DelegatingMethodAccessorImpl.java:43)
at java.base/java.lang.reflect.Method.invoke(Method.java:568)
at org.testng.internal.MethodInvocationHelper.invokeMethod(MethodInvocationHelper.java:133)
at org.testng.internal.TestInvoker.invokeMethod(TestInvoker.java:598)
at org.testng.internal.TestInvoker.invokeTestMethod(TestInvoker.java:173)
at org.testng.internal.MethodRunner.runInSequence(MethodRunner.java:46)
at org.testng.internal.TestInvoker$MethodInvocationAgent.invoke(TestInvoker.java:824)
at org.testng.internal.TestInvoker.invokeTestMethods(TestInvoker.java:146)
at org.testng.internal.TestMethodWorker.invokeTestMethods(TestMethodWorker.java:146)
at org.testng.internal.TestMethodWorker.run(TestMethodWorker.java:128)
at java.base/java.util.ArrayList.forEach(ArrayList.java:1511)
at org.testng.TestRunner.privateRun(TestRunner.java:794)
at org.testng.TestRunner.run(TestRunner.java:596)
at org.testng.SuiteRunner.runTest(SuiteRunner.java:377)
at org.testng.SuiteRunner.runSequentially(SuiteRunner.java:371)
at org.testng.SuiteRunner.privateRun(SuiteRunner.java:332)
at org.testng.SuiteRunner.run(SuiteRunner.java:276)
at org.testng.SuiteRunnerWorker.runSuite(SuiteRunnerWorker.java:53)
at org.testng.SuiteRunnerWorker.run(SuiteRunnerWorker.java:96)
at org.testng.TestNG.runSuitesSequentially(TestNG.java:1212)
at org.testng.TestNG.runSuitesLocally(TestNG.java:1134)
at org.testng.TestNG.runSuites(TestNG.java:1063)
at org.testng.TestNG.run(TestNG.java:1031)
at org.testng.remote.AbstractRemoteTestNG.run(AbstractRemoteTestNG.java:115)
at org.testng.remote.RemoteTestNG.initAndRun(RemoteTestNG.java:251)
at org.testng.remote.RemoteTestNG.main(RemoteTestNG.java:77)
]]>
            </full-stacktrace>
          </exception> <!-- org.openqa.selenium.NoSuchElementException -->
          <reporter-output>
          </reporter-output>
        </test-method> <!-- CustomerID_Edit -->
      </class> <!-- Guru_99.Runner.com.Guru99Edit_Customer_Details -->
    </test> <!-- Editwith_valid_Customer_ID -->
  </suite> <!-- Suite -->
</testng-results>
