<?xml version="1.0" encoding="UTF-8"?>
<!-- Generated by org.testng.reporters.JUnitXMLReporter -->
<testsuite ignored="0" hostname="DESKTOP-P39CJOI" failures="1" tests="3" name="TestIng_Login_Functionality" time="30.915" errors="0" timestamp="2023-02-16T14:29:41 IST">
  <testcase classname="Guru_99.Runner.com.Guru99_Login_Test" name="Select_Browser_Name" time="30.122"/>
  <testcase classname="Guru_99.Runner.com.Guru99_Login_Test" name="BankLogin" time="0.0">
    <failure type="org.testng.TestNGException" message="
Parameter &amp;apos;user&amp;apos; is required by @Test on method BankLogin but has not been marked @Optional or defined
in C:\Users\hp\eclipse-workspace\FrameWorks(POM)\testng.xml">
      <![CDATA[org.testng.TestNGException: 
Parameter 'user' is required by @Test on method BankLogin but has not been marked @Optional or defined
in C:\Users\hp\eclipse-workspace\FrameWorks(POM)\testng.xml
at java.base/java.util.ArrayList.forEach(ArrayList.java:1511)
... Removed 26 stack frames]]>
    </failure>
  </testcase> <!-- BankLogin -->
  <testcase classname="Guru_99.Runner.com.Guru99_Login_Test" name="Verify_UserLogin" time="0.0">
    <skipped/>
  </testcase> <!-- Verify_UserLogin -->
</testsuite> <!-- TestIng_Login_Functionality -->
